Determining if the pthread_create exist failed with the following output:
Change Dir: /home/peter/brokenGlasses/build/CMakeFiles/CMakeTmp

Run Build Command:/usr/bin/make "cmTryCompileExec645831125/fast"
/usr/bin/make -f CMakeFiles/cmTryCompileExec645831125.dir/build.make CMakeFiles/cmTryCompileExec645831125.dir/build
make[1]: Entering directory `/home/peter/brokenGlasses/build/CMakeFiles/CMakeTmp'
/usr/bin/cmake -E cmake_progress_report /home/peter/brokenGlasses/build/CMakeFiles/CMakeTmp/CMakeFiles 1
Building C object CMakeFiles/cmTryCompileExec645831125.dir/CheckSymbolExists.c.o
/usr/bin/cc    -o CMakeFiles/cmTryCompileExec645831125.dir/CheckSymbolExists.c.o   -c /home/peter/brokenGlasses/build/CMakeFiles/CMakeTmp/CheckSymbolExists.c
Linking C executable cmTryCompileExec645831125
/usr/bin/cmake -E cmake_link_script CMakeFiles/cmTryCompileExec645831125.dir/link.txt --verbose=1
/usr/bin/cc       CMakeFiles/cmTryCompileExec645831125.dir/CheckSymbolExists.c.o  -o cmTryCompileExec645831125 -rdynamic 
CMakeFiles/cmTryCompileExec645831125.dir/CheckSymbolExists.c.o: In function `main':
CheckSymbolExists.c:(.text+0x16): undefined reference to `pthread_create'
collect2: error: ld returned 1 exit status
make[1]: *** [cmTryCompileExec645831125] Error 1
make[1]: Leaving directory `/home/peter/brokenGlasses/build/CMakeFiles/CMakeTmp'
make: *** [cmTryCompileExec645831125/fast] Error 2

File /home/peter/brokenGlasses/build/CMakeFiles/CMakeTmp/CheckSymbolExists.c:
/* */
#include <pthread.h>

int main(int argc, char** argv)
{
  (void)argv;
#ifndef pthread_create
  return ((int*)(&pthread_create))[argc];
#else
  (void)argc;
  return 0;
#endif
}

Determining if the function pthread_create exists in the pthreads failed with the following output:
Change Dir: /home/peter/brokenGlasses/build/CMakeFiles/CMakeTmp

Run Build Command:/usr/bin/make "cmTryCompileExec3931437918/fast"
/usr/bin/make -f CMakeFiles/cmTryCompileExec3931437918.dir/build.make CMakeFiles/cmTryCompileExec3931437918.dir/build
make[1]: Entering directory `/home/peter/brokenGlasses/build/CMakeFiles/CMakeTmp'
/usr/bin/cmake -E cmake_progress_report /home/peter/brokenGlasses/build/CMakeFiles/CMakeTmp/CMakeFiles 1
Building C object CMakeFiles/cmTryCompileExec3931437918.dir/CheckFunctionExists.c.o
/usr/bin/cc   -DCHECK_FUNCTION_EXISTS=pthread_create   -o CMakeFiles/cmTryCompileExec3931437918.dir/CheckFunctionExists.c.o   -c /usr/share/cmake-2.8/Modules/CheckFunctionExists.c
Linking C executable cmTryCompileExec3931437918
/usr/bin/cmake -E cmake_link_script CMakeFiles/cmTryCompileExec3931437918.dir/link.txt --verbose=1
/usr/bin/cc   -DCHECK_FUNCTION_EXISTS=pthread_create    CMakeFiles/cmTryCompileExec3931437918.dir/CheckFunctionExists.c.o  -o cmTryCompileExec3931437918 -rdynamic -lpthreads 
/usr/bin/ld: cannot find -lpthreads
collect2: error: ld returned 1 exit status
make[1]: *** [cmTryCompileExec3931437918] Error 1
make[1]: Leaving directory `/home/peter/brokenGlasses/build/CMakeFiles/CMakeTmp'
make: *** [cmTryCompileExec3931437918/fast] Error 2


